{"/Users/GQSM/Documents/Code/mopcon_example/src/api/user.js": {"path":"/Users/GQSM/Documents/Code/mopcon_example/src/api/user.js","statementMap":{"0":{"start":{"line":5,"column":4},"end":{"line":6,"column":30}},"1":{"start":{"line":6,"column":20},"end":{"line":6,"column":29}}},"fnMap":{"0":{"name":"(anonymous_0)","decl":{"start":{"line":4,"column":15},"end":{"line":4,"column":16}},"loc":{"start":{"line":5,"column":4},"end":{"line":6,"column":30}},"line":5},"1":{"name":"(anonymous_1)","decl":{"start":{"line":6,"column":12},"end":{"line":6,"column":13}},"loc":{"start":{"line":6,"column":20},"end":{"line":6,"column":29}},"line":6}},"branchMap":{},"s":{"0":1,"1":1},"f":{"0":1,"1":1},"b":{},"_coverageSchema":"43e27e138ebf9cfc5966b082cf9a028302ed4184","hash":"19a23fa4d1584e36b2752fde30c69ead1a780711"}
,"/Users/GQSM/Documents/Code/mopcon_example/src/component/Counter/Counter.js": {"path":"/Users/GQSM/Documents/Code/mopcon_example/src/component/Counter/Counter.js","statementMap":{"0":{"start":{"line":4,"column":16},"end":{"line":27,"column":1}},"1":{"start":{"line":5,"column":28},"end":{"line":5,"column":39}},"2":{"start":{"line":6,"column":2},"end":{"line":26,"column":4}},"3":{"start":{"line":20,"column":25},"end":{"line":20,"column":45}}},"fnMap":{"0":{"name":"(anonymous_0)","decl":{"start":{"line":4,"column":16},"end":{"line":4,"column":17}},"loc":{"start":{"line":4,"column":22},"end":{"line":27,"column":1}},"line":4},"1":{"name":"(anonymous_1)","decl":{"start":{"line":20,"column":17},"end":{"line":20,"column":18}},"loc":{"start":{"line":20,"column":23},"end":{"line":20,"column":47}},"line":20}},"branchMap":{},"s":{"0":2,"1":6,"2":6,"3":2},"f":{"0":6,"1":2},"b":{},"_coverageSchema":"43e27e138ebf9cfc5966b082cf9a028302ed4184","hash":"e84f54d49f33bf2e75ec20b0ebbc5f72f84f115d"}
,"/Users/GQSM/Documents/Code/mopcon_example/src/component/Counter/index.js": {"path":"/Users/GQSM/Documents/Code/mopcon_example/src/component/Counter/index.js","statementMap":{},"fnMap":{},"branchMap":{},"s":{},"f":{},"b":{},"_coverageSchema":"43e27e138ebf9cfc5966b082cf9a028302ed4184","hash":"de9e6aa11080ee499327f39a342de02af1ac0ac2"}
,"/Users/GQSM/Documents/Code/mopcon_example/src/utils/add.js": {"path":"/Users/GQSM/Documents/Code/mopcon_example/src/utils/add.js","statementMap":{"0":{"start":{"line":1,"column":12},"end":{"line":6,"column":1}},"1":{"start":{"line":2,"column":2},"end":{"line":4,"column":3}},"2":{"start":{"line":3,"column":4},"end":{"line":3,"column":57}},"3":{"start":{"line":5,"column":2},"end":{"line":5,"column":27}}},"fnMap":{"0":{"name":"(anonymous_0)","decl":{"start":{"line":1,"column":12},"end":{"line":1,"column":13}},"loc":{"start":{"line":1,"column":34},"end":{"line":6,"column":1}},"line":1}},"branchMap":{"0":{"loc":{"start":{"line":2,"column":2},"end":{"line":4,"column":3}},"type":"if","locations":[{"start":{"line":2,"column":2},"end":{"line":4,"column":3}},{"start":{"line":2,"column":2},"end":{"line":4,"column":3}}],"line":2},"1":{"loc":{"start":{"line":2,"column":6},"end":{"line":2,"column":64}},"type":"binary-expr","locations":[{"start":{"line":2,"column":6},"end":{"line":2,"column":33}},{"start":{"line":2,"column":37},"end":{"line":2,"column":64}}],"line":2}},"s":{"0":1,"1":3,"2":2,"3":1},"f":{"0":3},"b":{"0":[2,1],"1":[3,2]},"_coverageSchema":"43e27e138ebf9cfc5966b082cf9a028302ed4184","hash":"25a2b6294a9e8661a76f4cb1fc50285c0b29e1cd"}
}
