{"/Users/GQSM/Documents/Code/mopcon_example/src/utils/add.js": {"path":"/Users/GQSM/Documents/Code/mopcon_example/src/utils/add.js","statementMap":{"0":{"start":{"line":1,"column":12},"end":{"line":6,"column":1}},"1":{"start":{"line":2,"column":2},"end":{"line":4,"column":3}},"2":{"start":{"line":3,"column":4},"end":{"line":3,"column":73}},"3":{"start":{"line":5,"column":2},"end":{"line":5,"column":27}}},"fnMap":{"0":{"name":"(anonymous_0)","decl":{"start":{"line":1,"column":12},"end":{"line":1,"column":13}},"loc":{"start":{"line":1,"column":34},"end":{"line":6,"column":1}},"line":1}},"branchMap":{"0":{"loc":{"start":{"line":2,"column":2},"end":{"line":4,"column":3}},"type":"if","locations":[{"start":{"line":2,"column":2},"end":{"line":4,"column":3}},{"start":{"line":2,"column":2},"end":{"line":4,"column":3}}],"line":2},"1":{"loc":{"start":{"line":2,"column":6},"end":{"line":2,"column":64}},"type":"binary-expr","locations":[{"start":{"line":2,"column":6},"end":{"line":2,"column":33}},{"start":{"line":2,"column":37},"end":{"line":2,"column":64}}],"line":2}},"s":{"0":1,"1":3,"2":2,"3":1},"f":{"0":3},"b":{"0":[2,1],"1":[3,3]},"_coverageSchema":"43e27e138ebf9cfc5966b082cf9a028302ed4184","hash":"db386ee0129a97d37ed1169b9a5178739510f836"}
}
